<?xml version="1.0" encoding="UTF-8"?>
<!-- Generated by org.testng.reporters.JUnitReportReporter -->
<testsuite hostname="DESKTOP-DPSS93S" failures="0" tests="1" name="com.test.LoginPageTest" time="3.859" errors="0" timestamp="2023-04-12T01:41:35 PDT" skipped="0">
  <testcase classname="com.test.LoginPageTest" name="loginTest" time="3.859"/>
  <system-out/>
</testsuite> <!-- com.test.LoginPageTest -->
