<?xml version="1.0" encoding="UTF-8"?>
<!-- Generated by org.testng.reporters.JUnitReportReporter -->
<testsuite hostname="DESKTOP-DPSS93S" failures="0" tests="1" name="com.test.LaptopDetailsPageTest" time="21.660" errors="0" timestamp="2023-04-12T04:59:21 PDT" skipped="0">
  <testcase classname="com.test.LaptopDetailsPageTest" name="enterQtyClickAddToCartTest" time="21.660"/>
  <system-out/>
</testsuite> <!-- com.test.LaptopDetailsPageTest -->
