<?xml version="1.0" encoding="UTF-8"?>
<!-- Generated by org.testng.reporters.JUnitReportReporter -->
<testsuite hostname="DESKTOP-DPSS93S" failures="0" tests="1" name="com.test.HomePageTest" time="4.764" errors="0" timestamp="2023-04-12T01:42:18 PDT" skipped="0">
  <testcase classname="com.test.HomePageTest" name="SearchingLaptopProductTest" time="4.764"/>
  <system-out/>
</testsuite> <!-- com.test.HomePageTest -->
